<?xml version="1.0" encoding="UTF-8"?>
<testng-results ignored="0" total="1" passed="1" failed="0" skipped="0">
  <reporter-output>
  </reporter-output>
  <suite started-at="2023-03-05T21:03:47 IST" name="Default suite" finished-at="2023-03-05T21:04:06 IST" duration-ms="19585">
    <groups>
    </groups>
    <test started-at="2023-03-05T21:03:47 IST" name="Default test" finished-at="2023-03-05T21:04:06 IST" duration-ms="19585">
      <class name="com.demoproject.testcases.RegistrationTest">
        <test-method is-config="true" signature="setup()[pri:0, instance:com.demoproject.testcases.RegistrationTest@2eae8e6e]" started-at="2023-03-05T21:03:47 IST" name="setup" finished-at="2023-03-05T21:04:03 IST" duration-ms="16078" status="PASS">
          <reporter-output>
          </reporter-output>
        </test-method> <!-- setup -->
        <test-method signature="registration()[pri:0, instance:com.demoproject.testcases.RegistrationTest@2eae8e6e]" started-at="2023-03-05T21:04:03 IST" name="registration" finished-at="2023-03-05T21:04:06 IST" duration-ms="2891" status="PASS">
          <reporter-output>
          </reporter-output>
        </test-method> <!-- registration -->
        <test-method is-config="true" signature="tearDown()[pri:0, instance:com.demoproject.testcases.RegistrationTest@2eae8e6e]" started-at="2023-03-05T21:04:06 IST" name="tearDown" finished-at="2023-03-05T21:04:06 IST" duration-ms="555" status="PASS">
          <reporter-output>
          </reporter-output>
        </test-method> <!-- tearDown -->
      </class> <!-- com.demoproject.testcases.RegistrationTest -->
    </test> <!-- Default test -->
  </suite> <!-- Default suite -->
</testng-results>
